<?xml version="1.0" encoding="UTF-8"?>
<testng-results ignored="0" total="3" passed="1" failed="2" skipped="0">
  <reporter-output>
  </reporter-output>
  <suite started-at="2024-04-10T20:13:43 EET" name="Suite" finished-at="2024-04-10T20:14:24 EET" duration-ms="40519">
    <groups>
    </groups>
    <test started-at="2024-04-10T20:13:43 EET" name="BaseClassTest" finished-at="2024-04-10T20:13:54 EET" duration-ms="10940">
      <class name="testCases.BaseClassTest">
        <test-method is-config="true" signature="openUrl()[pri:0, instance:testCases.BaseClassTest@ffaa6af]" started-at="2024-04-10T20:13:43 EET" name="openUrl" finished-at="2024-04-10T20:13:49 EET" duration-ms="5367" status="PASS">
          <reporter-output>
          </reporter-output>
        </test-method> <!-- openUrl -->
        <test-method signature="testBaseClas()[pri:0, instance:testCases.BaseClassTest@ffaa6af]" started-at="2024-04-10T20:13:49 EET" name="testBaseClas" finished-at="2024-04-10T20:13:51 EET" duration-ms="2191" status="FAIL">
          <exception class="junit.framework.AssertionFailedError">
            <full-stacktrace>
              <![CDATA[junit.framework.AssertionFailedError
at junit.framework.Assert.fail(Assert.java:47)
at junit.framework.Assert.fail(Assert.java:53)
at testCases.BaseClassTest.testBaseClas(BaseClassTest.java:36)
at java.base/jdk.internal.reflect.NativeMethodAccessorImpl.invoke0(Native Method)
at java.base/jdk.internal.reflect.NativeMethodAccessorImpl.invoke(NativeMethodAccessorImpl.java:77)
at java.base/jdk.internal.reflect.DelegatingMethodAccessorImpl.invoke(DelegatingMethodAccessorImpl.java:43)
at java.base/java.lang.reflect.Method.invoke(Method.java:568)
at org.testng.internal.MethodInvocationHelper.invokeMethod(MethodInvocationHelper.java:133)
at org.testng.internal.TestInvoker.invokeMethod(TestInvoker.java:598)
at org.testng.internal.TestInvoker.invokeTestMethod(TestInvoker.java:173)
at org.testng.internal.MethodRunner.runInSequence(MethodRunner.java:46)
at org.testng.internal.TestInvoker$MethodInvocationAgent.invoke(TestInvoker.java:824)
at org.testng.internal.TestInvoker.invokeTestMethods(TestInvoker.java:146)
at org.testng.internal.TestMethodWorker.invokeTestMethods(TestMethodWorker.java:146)
at org.testng.internal.TestMethodWorker.run(TestMethodWorker.java:128)
at java.base/java.util.ArrayList.forEach(ArrayList.java:1511)
at org.testng.TestRunner.privateRun(TestRunner.java:794)
at org.testng.TestRunner.run(TestRunner.java:596)
at org.testng.SuiteRunner.runTest(SuiteRunner.java:377)
at org.testng.SuiteRunner.access$000(SuiteRunner.java:28)
at org.testng.SuiteRunner$SuiteWorker.run(SuiteRunner.java:418)
at org.testng.internal.thread.ThreadUtil.lambda$execute$0(ThreadUtil.java:64)
at java.base/java.util.concurrent.FutureTask.run(FutureTask.java:264)
at java.base/java.util.concurrent.ThreadPoolExecutor.runWorker(ThreadPoolExecutor.java:1136)
at java.base/java.util.concurrent.ThreadPoolExecutor$Worker.run(ThreadPoolExecutor.java:635)
at java.base/java.lang.Thread.run(Thread.java:833)
]]>
            </full-stacktrace>
          </exception> <!-- junit.framework.AssertionFailedError -->
          <reporter-output>
          </reporter-output>
        </test-method> <!-- testBaseClas -->
        <test-method is-config="true" signature="quitDriver()[pri:0, instance:testCases.BaseClassTest@ffaa6af]" started-at="2024-04-10T20:13:54 EET" name="quitDriver" finished-at="2024-04-10T20:13:54 EET" duration-ms="243" status="PASS">
          <reporter-output>
          </reporter-output>
        </test-method> <!-- quitDriver -->
      </class> <!-- testCases.BaseClassTest -->
    </test> <!-- BaseClassTest -->
    <test started-at="2024-04-10T20:13:43 EET" name="AddRemoveItemBasketTest" finished-at="2024-04-10T20:14:13 EET" duration-ms="30377">
      <class name="testCases.AddRemoveItemBasketTest">
        <test-method is-config="true" signature="openUrl()[pri:0, instance:testCases.AddRemoveItemBasketTest@51c668e3]" started-at="2024-04-10T20:13:43 EET" name="openUrl" finished-at="2024-04-10T20:13:49 EET" duration-ms="5618" status="PASS">
          <reporter-output>
          </reporter-output>
        </test-method> <!-- openUrl -->
        <test-method signature="addRemoveItem()[pri:0, instance:testCases.AddRemoveItemBasketTest@51c668e3]" started-at="2024-04-10T20:13:49 EET" name="addRemoveItem" finished-at="2024-04-10T20:14:13 EET" duration-ms="24000" status="FAIL">
          <exception class="java.lang.AssertionError">
            <message>
              <![CDATA[expected [$45.04] but found [$45.24]]]>
            </message>
            <full-stacktrace>
              <![CDATA[java.lang.AssertionError: expected [$45.04] but found [$45.24]
at org.testng.Assert.fail(Assert.java:99)
at org.testng.Assert.failNotEquals(Assert.java:1037)
at org.testng.Assert.assertEqualsImpl(Assert.java:140)
at org.testng.Assert.assertEquals(Assert.java:122)
at org.testng.Assert.assertEquals(Assert.java:629)
at org.testng.Assert.assertEquals(Assert.java:639)
at testCases.AddRemoveItemBasketTest.addRemoveItem(AddRemoveItemBasketTest.java:70)
at java.base/jdk.internal.reflect.NativeMethodAccessorImpl.invoke0(Native Method)
at java.base/jdk.internal.reflect.NativeMethodAccessorImpl.invoke(NativeMethodAccessorImpl.java:77)
at java.base/jdk.internal.reflect.DelegatingMethodAccessorImpl.invoke(DelegatingMethodAccessorImpl.java:43)
at java.base/java.lang.reflect.Method.invoke(Method.java:568)
at org.testng.internal.MethodInvocationHelper.invokeMethod(MethodInvocationHelper.java:133)
at org.testng.internal.TestInvoker.invokeMethod(TestInvoker.java:598)
at org.testng.internal.TestInvoker.invokeTestMethod(TestInvoker.java:173)
at org.testng.internal.MethodRunner.runInSequence(MethodRunner.java:46)
at org.testng.internal.TestInvoker$MethodInvocationAgent.invoke(TestInvoker.java:824)
at org.testng.internal.TestInvoker.invokeTestMethods(TestInvoker.java:146)
at org.testng.internal.TestMethodWorker.invokeTestMethods(TestMethodWorker.java:146)
at org.testng.internal.TestMethodWorker.run(TestMethodWorker.java:128)
at java.base/java.util.ArrayList.forEach(ArrayList.java:1511)
at org.testng.TestRunner.privateRun(TestRunner.java:794)
at org.testng.TestRunner.run(TestRunner.java:596)
at org.testng.SuiteRunner.runTest(SuiteRunner.java:377)
at org.testng.SuiteRunner.access$000(SuiteRunner.java:28)
at org.testng.SuiteRunner$SuiteWorker.run(SuiteRunner.java:418)
at org.testng.internal.thread.ThreadUtil.lambda$execute$0(ThreadUtil.java:64)
at java.base/java.util.concurrent.FutureTask.run(FutureTask.java:264)
at java.base/java.util.concurrent.ThreadPoolExecutor.runWorker(ThreadPoolExecutor.java:1136)
at java.base/java.util.concurrent.ThreadPoolExecutor$Worker.run(ThreadPoolExecutor.java:635)
at java.base/java.lang.Thread.run(Thread.java:833)
]]>
            </full-stacktrace>
          </exception> <!-- java.lang.AssertionError -->
          <reporter-output>
          </reporter-output>
        </test-method> <!-- addRemoveItem -->
        <test-method is-config="true" signature="quitDriver()[pri:0, instance:testCases.AddRemoveItemBasketTest@51c668e3]" started-at="2024-04-10T20:14:13 EET" name="quitDriver" finished-at="2024-04-10T20:14:13 EET" duration-ms="261" status="PASS">
          <reporter-output>
          </reporter-output>
        </test-method> <!-- quitDriver -->
      </class> <!-- testCases.AddRemoveItemBasketTest -->
    </test> <!-- AddRemoveItemBasketTest -->
    <test started-at="2024-04-10T20:13:55 EET" name="OrderCompleteTest" finished-at="2024-04-10T20:14:24 EET" duration-ms="28904">
      <class name="testCases.OrderCompleteTest">
        <test-method is-config="true" signature="openUrl()[pri:0, instance:testCases.OrderCompleteTest@7b36aa0c]" started-at="2024-04-10T20:13:55 EET" name="openUrl" finished-at="2024-04-10T20:14:01 EET" duration-ms="6559" status="PASS">
          <reporter-output>
          </reporter-output>
        </test-method> <!-- openUrl -->
        <test-method signature="endToEndTest()[pri:0, instance:testCases.OrderCompleteTest@7b36aa0c]" started-at="2024-04-10T20:14:01 EET" name="endToEndTest" finished-at="2024-04-10T20:14:23 EET" duration-ms="22181" status="PASS">
          <reporter-output>
          </reporter-output>
        </test-method> <!-- endToEndTest -->
        <test-method is-config="true" signature="quitDriver()[pri:0, instance:testCases.OrderCompleteTest@7b36aa0c]" started-at="2024-04-10T20:14:23 EET" name="quitDriver" finished-at="2024-04-10T20:14:24 EET" duration-ms="162" status="PASS">
          <reporter-output>
          </reporter-output>
        </test-method> <!-- quitDriver -->
      </class> <!-- testCases.OrderCompleteTest -->
    </test> <!-- OrderCompleteTest -->
  </suite> <!-- Suite -->
</testng-results>
